Traceback (most recent call last):
  File "/opt/ros/humble/share/rosidl_generator_c/cmake/../../../lib/rosidl_generator_c/rosidl_generator_c", line 38, in <module>
    sys.exit(main())
  File "/opt/ros/humble/share/rosidl_generator_c/cmake/../../../lib/rosidl_generator_c/rosidl_generator_c", line 34, in main
    generate_c(args.generator_arguments_file)
  File "/opt/ros/humble/local/lib/python3.10/dist-packages/rosidl_generator_c/__init__.py", line 37, in generate_c
gmake[2]: *** Deleting file 'rosidl_generator_cpp/rover_msgs/msg/antenna_cmd.hpp'
gmake[2]: *** Deleting file 'rosidl_generator_c/rover_msgs/msg/antenna_cmd.h'
    return generate_files(
  File "/opt/ros/humble/local/lib/python3.10/dist-packages/rosidl_cmake/__init__.py", line 87, in generate_files
    expand_template(
  File "/opt/ros/humble/local/lib/python3.10/dist-packages/rosidl_cmake/__init__.py", line 149, in expand_template
    interpreter.string(template_content, template_path, locals=data)
  File "/usr/lib/python3/dist-packages/em.py", line 2391, in string
gmake[2]: *** [CMakeFiles/rover_msgs__cpp.dir/build.make:131: rosidl_generator_cpp/rover_msgs/msg/antenna_cmd.hpp] Interrupt
    self.safe(scanner, True, locals)
  File "/usr/lib/python3/dist-packages/em.py", line 2401, in safe
gmake[1]: *** [CMakeFiles/Makefile2:345: CMakeFiles/rover_msgs__cpp.dir/all] Interrupt
    self.parse(scanner, locals)
  File "/usr/lib/python3/dist-packages/em.py", line 2417, in parse
    token = scanner.one()
  File "/usr/lib/python3/dist-packages/em.py", line 1984, in one
    token.scan(self)
  File "/usr/lib/python3/dist-packages/em.py", line 1468, in scan
    self.subscan(scanner, self.type)
  File "/usr/lib/python3/dist-packages/em.py", line 1483, in subscan
    token = scanner.one()
  File "/usr/lib/python3/dist-packages/em.py", line 1992, in one
    data = self.chop(loc)
  File "/usr/lib/python3/dist-packages/em.py", line 1726, in chop
    result = self[:count]
  File "/usr/lib/python3/dist-packages/em.py", line 1684, in __getitem__
    assert index.step is None or index.step == 1
KeyboardInterrupt
Exception ignored in: <function Interpreter.__del__ at 0x71f7bf7c20e0>
Traceback (most recent call last):
  File "/usr/lib/python3/dist-packages/em.py", line 2094, in __del__
  File "/usr/lib/python3/dist-packages/em.py", line 2157, in shutdown
  File "/usr/lib/python3/dist-packages/em.py", line 2647, in finalize
  File "/usr/lib/python3/dist-packages/em.py", line 2200, in push
AttributeError: '_io.TextIOWrapper' object has no attribute 'push'
gmake[2]: *** [CMakeFiles/rover_msgs__rosidl_generator_c.dir/build.make:95: rosidl_generator_c/rover_msgs/msg/antenna_cmd.h] Interrupt
gmake[1]: *** [CMakeFiles/Makefile2:240: CMakeFiles/rover_msgs__rosidl_generator_c.dir/all] Interrupt
gmake: *** [Makefile:146: all] Interrupt
