[0.057s] Invoking command in '/home/emile/ros2_ws/src/rover/build/rover_msgs': CMAKE_PREFIX_PATH=${CMAKE_PREFIX_PATH}:/opt/ros/humble /usr/bin/cmake /home/emile/ros2_ws/src/rover/rover_msgs -DCMAKE_INSTALL_PREFIX=/home/emile/ros2_ws/src/rover/install/rover_msgs
[0.178s] -- The C compiler identification is GNU 11.4.0
[0.208s] -- The CXX compiler identification is GNU 11.4.0
[0.214s] -- Detecting C compiler ABI info
[0.250s] -- Detecting C compiler ABI info - done
[0.254s] -- Check for working C compiler: /usr/bin/cc - skipped
[0.255s] -- Detecting C compile features
[0.255s] -- Detecting C compile features - done
[0.257s] -- Detecting CXX compiler ABI info
[0.296s] -- Detecting CXX compiler ABI info - done
[0.300s] -- Check for working CXX compiler: /usr/bin/c++ - skipped
[0.301s] -- Detecting CXX compile features
[0.301s] -- Detecting CXX compile features - done
[0.303s] -- Found ament_cmake: 1.3.6 (/opt/ros/humble/share/ament_cmake/cmake)
[0.396s] -- Found Python3: /usr/bin/python3.10 (found version "3.10.12") found components: Interpreter 
[0.450s] -- Found rosidl_default_generators: 1.2.0 (/opt/ros/humble/share/rosidl_default_generators/cmake)
[0.452s] -- Using all available rosidl_typesupport_c: rosidl_typesupport_fastrtps_c;rosidl_typesupport_introspection_c
[0.456s] -- Found rosidl_adapter: 3.1.5 (/opt/ros/humble/share/rosidl_adapter/cmake)
[0.482s] -- Using all available rosidl_typesupport_cpp: rosidl_typesupport_fastrtps_cpp;rosidl_typesupport_introspection_cpp
[0.671s] -- Found ament_cmake_ros: 0.10.0 (/opt/ros/humble/share/ament_cmake_ros/cmake)
[0.781s] -- Using all available rosidl_typesupport_c: rosidl_typesupport_fastrtps_c;rosidl_typesupport_introspection_c
[0.929s] -- Using all available rosidl_typesupport_cpp: rosidl_typesupport_fastrtps_cpp;rosidl_typesupport_introspection_cpp
[0.943s] -- Found PythonInterp: /usr/bin/python3 (found suitable version "3.10.12", minimum required is "3.6") 
[0.944s] -- Found python_cmake_module: 0.10.0 (/opt/ros/humble/share/python_cmake_module/cmake)
[0.959s] -- Found PythonLibs: /usr/lib/x86_64-linux-gnu/libpython3.10.so (found suitable version "3.10.12", minimum required is "3.5") 
[0.959s] -- Using PYTHON_EXECUTABLE: /usr/bin/python3
[0.959s] -- Using PYTHON_INCLUDE_DIRS: /usr/include/python3.10
[0.959s] -- Using PYTHON_LIBRARIES: /usr/lib/x86_64-linux-gnu/libpython3.10.so
[0.971s] -- Found PythonExtra: .so  
[0.995s] -- Configuring done
[1.020s] -- Generating done
[1.021s] -- Build files have been written to: /home/emile/ros2_ws/src/rover/build/rover_msgs
[1.025s] Invoked command in '/home/emile/ros2_ws/src/rover/build/rover_msgs' returned '0': CMAKE_PREFIX_PATH=${CMAKE_PREFIX_PATH}:/opt/ros/humble /usr/bin/cmake /home/emile/ros2_ws/src/rover/rover_msgs -DCMAKE_INSTALL_PREFIX=/home/emile/ros2_ws/src/rover/install/rover_msgs
[1.026s] Invoking command in '/home/emile/ros2_ws/src/rover/build/rover_msgs': CMAKE_PREFIX_PATH=${CMAKE_PREFIX_PATH}:/opt/ros/humble /usr/bin/cmake --build /home/emile/ros2_ws/src/rover/build/rover_msgs -- -j20 -l20
[1.048s] [  1%] [34m[1mGenerating C code for ROS interfaces[0m
[1.054s] [  2%] [32mBuilding CXX object CMakeFiles/lib_exec.dir/src/lib.cpp.o[0m
[1.056s] [  3%] [34m[1mGenerating C++ code for ROS interfaces[0m
[1.058s] [  3%] Built target ament_cmake_python_copy_rover_msgs
[1.152s] [  4%] [32m[1mLinking CXX static library liblib_exec.a[0m
[1.171s] [  4%] Built target lib_exec
[1.197s] running egg_info
[1.198s] creating rover_msgs.egg-info
[1.198s] writing rover_msgs.egg-info/PKG-INFO
[1.198s] writing dependency_links to rover_msgs.egg-info/dependency_links.txt
[1.198s] writing top-level names to rover_msgs.egg-info/top_level.txt
[1.198s] writing manifest file 'rover_msgs.egg-info/SOURCES.txt'
[1.200s] reading manifest file 'rover_msgs.egg-info/SOURCES.txt'
[1.200s] writing manifest file 'rover_msgs.egg-info/SOURCES.txt'
[1.217s] [  4%] Built target ament_cmake_python_build_rover_msgs_egg
[1.605s] Traceback (most recent call last):
[1.605s]   File "/opt/ros/humble/share/rosidl_generator_c/cmake/../../../lib/rosidl_generator_c/rosidl_generator_c", line 38, in <module>
[1.605s]     sys.exit(main())
[1.605s]   File "/opt/ros/humble/share/rosidl_generator_c/cmake/../../../lib/rosidl_generator_c/rosidl_generator_c", line 34, in main
[1.605s]     generate_c(args.generator_arguments_file)
[1.605s]   File "/opt/ros/humble/local/lib/python3.10/dist-packages/rosidl_generator_c/__init__.py", line 37, in generate_c
[1.605s] gmake[2]: *** Deleting file 'rosidl_generator_cpp/rover_msgs/msg/antenna_cmd.hpp'
[1.606s] gmake[2]: *** Deleting file 'rosidl_generator_c/rover_msgs/msg/antenna_cmd.h'
[1.606s]     return generate_files(
[1.606s]   File "/opt/ros/humble/local/lib/python3.10/dist-packages/rosidl_cmake/__init__.py", line 87, in generate_files
[1.606s]     expand_template(
[1.606s]   File "/opt/ros/humble/local/lib/python3.10/dist-packages/rosidl_cmake/__init__.py", line 149, in expand_template
[1.606s]     interpreter.string(template_content, template_path, locals=data)
[1.606s]   File "/usr/lib/python3/dist-packages/em.py", line 2391, in string
[1.607s] gmake[2]: *** [CMakeFiles/rover_msgs__cpp.dir/build.make:131: rosidl_generator_cpp/rover_msgs/msg/antenna_cmd.hpp] Interrupt
[1.607s]     self.safe(scanner, True, locals)
[1.607s]   File "/usr/lib/python3/dist-packages/em.py", line 2401, in safe
[1.607s] gmake[1]: *** [CMakeFiles/Makefile2:345: CMakeFiles/rover_msgs__cpp.dir/all] Interrupt
[1.607s]     self.parse(scanner, locals)
[1.607s]   File "/usr/lib/python3/dist-packages/em.py", line 2417, in parse
[1.607s]     token = scanner.one()
[1.607s]   File "/usr/lib/python3/dist-packages/em.py", line 1984, in one
[1.607s]     token.scan(self)
[1.607s]   File "/usr/lib/python3/dist-packages/em.py", line 1468, in scan
[1.607s]     self.subscan(scanner, self.type)
[1.607s]   File "/usr/lib/python3/dist-packages/em.py", line 1483, in subscan
[1.607s]     token = scanner.one()
[1.607s]   File "/usr/lib/python3/dist-packages/em.py", line 1992, in one
[1.608s]     data = self.chop(loc)
[1.608s]   File "/usr/lib/python3/dist-packages/em.py", line 1726, in chop
[1.608s]     result = self[:count]
[1.608s]   File "/usr/lib/python3/dist-packages/em.py", line 1684, in __getitem__
[1.608s]     assert index.step is None or index.step == 1
[1.608s] KeyboardInterrupt
[1.612s] Exception ignored in: <function Interpreter.__del__ at 0x71f7bf7c20e0>
[1.612s] Traceback (most recent call last):
[1.613s]   File "/usr/lib/python3/dist-packages/em.py", line 2094, in __del__
[1.613s]   File "/usr/lib/python3/dist-packages/em.py", line 2157, in shutdown
[1.613s]   File "/usr/lib/python3/dist-packages/em.py", line 2647, in finalize
[1.613s]   File "/usr/lib/python3/dist-packages/em.py", line 2200, in push
[1.614s] AttributeError: '_io.TextIOWrapper' object has no attribute 'push'
[1.618s] gmake[2]: *** [CMakeFiles/rover_msgs__rosidl_generator_c.dir/build.make:95: rosidl_generator_c/rover_msgs/msg/antenna_cmd.h] Interrupt
[1.618s] gmake[1]: *** [CMakeFiles/Makefile2:240: CMakeFiles/rover_msgs__rosidl_generator_c.dir/all] Interrupt
[1.619s] gmake: *** [Makefile:146: all] Interrupt
[1.620s] Invoked command in '/home/emile/ros2_ws/src/rover/build/rover_msgs' returned '-2': CMAKE_PREFIX_PATH=${CMAKE_PREFIX_PATH}:/opt/ros/humble /usr/bin/cmake --build /home/emile/ros2_ws/src/rover/build/rover_msgs -- -j20 -l20
